<?xml version="1.0" encoding="UTF-8"?>
<!-- Generated by org.testng.reporters.JUnitReportReporter -->
<testsuite hostname="DESKTOP-6UUPM1I" failures="0" tests="5" name="Demo.DemoTest" time="0.739" errors="0" timestamp="2024-11-05T09:30:47 IST" skipped="0">
  <testcase classname="Demo.DemoTest" name="DemoTesting2" time="0.014"/>
  <system-out/>
  <testcase classname="Demo.DemoTest" name="DemoTesting3" time="0.002"/>
  <system-out/>
  <testcase classname="Demo.DemoTest" name="DemoTesting5" time="0.002"/>
  <system-out/>
  <testcase classname="Demo.DemoTest" name="demoTesting" time="0.718"/>
  <system-out/>
  <testcase classname="Demo.DemoTest" name="DemoTesting4" time="0.003"/>
  <system-out/>
</testsuite> <!-- Demo.DemoTest -->
