<?xml version="1.0" encoding="UTF-8"?>
<!-- Generated by org.testng.reporters.JUnitReportReporter -->
<testsuite hostname="DESKTOP-6UUPM1I" failures="0" tests="3" name="com.DomsEpson.WelcomeTest.VerifyWelcomePageTest" time="17.640" errors="0" timestamp="2024-11-06T10:53:33 IST" skipped="0">
  <testcase classname="com.DomsEpson.WelcomeTest.VerifyWelcomePageTest" name="verifyWelcomepageWithValidInput" time="11.170"/>
  <system-out>
    <![CDATA[Step6:SendKeys Action done succesfully-PasswordTextField]]>
  </system-out>
  <testcase classname="com.DomsEpson.WelcomeTest.VerifyWelcomePageTest" name="verifyWelcomepageWithInvalidInput" time="3.290"/>
  <system-out/>
  <testcase classname="com.DomsEpson.WelcomeTest.VerifyWelcomePageTest" name="verifyWelcomepageWithInvalidInput" time="3.180"/>
  <system-out/>
</testsuite> <!-- com.DomsEpson.WelcomeTest.VerifyWelcomePageTest -->
