<?xml version="1.0" encoding="UTF-8"?>
<!-- Generated by org.testng.reporters.JUnitReportReporter -->
<testsuite hostname="DESKTOP-6UUPM1I" failures="0" tests="3" name="com.DomsEpson.ProductTest.WomensProductTest" time="0.024" errors="0" timestamp="2024-10-28T15:45:57 IST" skipped="0">
  <testcase classname="com.DomsEpson.ProductTest.WomensProductTest" name="updateProduct" time="0.005"/>
  <system-out/>
  <testcase classname="com.DomsEpson.ProductTest.WomensProductTest" name="removeProduct" time="0.003"/>
  <system-out/>
  <testcase classname="com.DomsEpson.ProductTest.WomensProductTest" name="addProduct" time="0.016"/>
  <system-out/>
</testsuite> <!-- com.DomsEpson.ProductTest.WomensProductTest -->
